Thu May 25 12:10:33 2017	VSanlz start
Thu May 25 12:10:33 2017	Jobid: 20170525121033
Thu May 25 12:10:33 2017	-p example3_mark2.ped -m paired -d example2_20170525112231_varselect.db -j 20170525121033
Thu May 25 12:10:33 2017	tabix -s 1 -b 2 -e 2 -c # -f ./VarSelectAnalysisResult_20170525121033/for_analysis_20170525121033.vcf.gz 
Thu May 25 12:10:33 2017	Threads running start
Thu May 25 12:10:33 2017	Genotype frequency calculating start
Thu May 25 12:10:33 2017	Loading genotype frequency of each sample, start.
Thu May 25 12:10:36 2017	Loading genotype frequency of each sample, finish.
Thu May 25 12:10:36 2017	bgzip -@ 16 -c ./VarSelectAnalysisResult_20170525121033/aff_gt_freq_20170525121033.txt > ./VarSelectAnalysisResult_20170525121033/aff_gt_freq_20170525121033.txt.gz
Thu May 25 12:10:36 2017	tabix -s 1 -b 2 -e 2 -c # -f ./VarSelectAnalysisResult_20170525121033/aff_gt_freq_20170525121033.txt.gz 
Thu May 25 12:10:36 2017	bgzip -@ 16 -c ./VarSelectAnalysisResult_20170525121033/unaff_gt_freq_20170525121033.txt > ./VarSelectAnalysisResult_20170525121033/unaff_gt_freq_20170525121033.txt.gz
Thu May 25 12:10:36 2017	tabix -s 1 -b 2 -e 2 -c # -f ./VarSelectAnalysisResult_20170525121033/unaff_gt_freq_20170525121033.txt.gz 
Thu May 25 12:10:36 2017	vcf-annot affected vgt start
Thu May 25 12:10:36 2017	zcat ./VarSelectAnalysisResult_20170525121033/for_analysis_20170525121033.vcf.gz| vcf-annotate  -a ./VarSelectAnalysisResult_20170525121033/aff_gt_freq_20170525121033.txt.gz  -c CHROM,POS,REF,ALT,INFO/affected_vgt,INFO/affected_vgfreq,INFO/affected_altfreqsum -d key=INFO,ID=affected_vgt,Number=.,Type=String,Description='Variant genotype in affected samples'  -d key=INFO,ID=affected_vgfreq,Number=.,Type=String,Description='Variant genotype frequency in affected samples'  -d key=INFO,ID=affected_altfreqsum,Number=.,Type=Float,Description='Summary of affected-alt-frequency variant genotype in affected samples'  2> ./VarSelectAnalysisResult_20170525121033/log_20170525121033/stderr_vannot_gtfreq_20170525121033.log  | bgzip -c > ./VarSelectAnalysisResult_20170525121033/aff_gt_freq_20170525121033.vcf.gz 
Thu May 25 12:10:38 2017	vcf-annot affected vgt finish
Thu May 25 12:10:38 2017	enqueue /peterhouse/lchen/csardas/varselect_dev/scripts/vsl_annot.pl -a extract  -f ./VarSelectAnalysisResult_20170525121033/aff_gt_freq_20170525121033.vcf.gz  -e affected_vgt,affected_vgfreq,affected_altfreqsum -t text,text,float -c affected_vgt_20170525121033,affected_vgfreq_20170525121033,affected_altfreqsum_20170525121033 -d example2_20170525112231_varselect.db  -b varselect_variants 
Thu May 25 12:10:38 2017	vcf-annot un-affected vgt start
Thu May 25 12:10:38 2017	zcat ./VarSelectAnalysisResult_20170525121033/for_analysis_20170525121033.vcf.gz| vcf-annotate  -a ./VarSelectAnalysisResult_20170525121033/unaff_gt_freq_20170525121033.txt.gz  -c CHROM,POS,REF,ALT,INFO/unaffected_vgt,INFO/unaffected_vgfreq,INFO/unaffected_altfreqsum -d key=INFO,ID=unaffected_vgt,Number=.,Type=String,Description='variant genotype in unaffected samples'  -d key=INFO,ID=unaffected_vgfreq,Number=.,Type=String,Description='Variant genotype frequency in unaffected samples'  -d key=INFO,ID=unaffected_altfreqsum,Number=.,Type=Float,Description='Summary of unaffected-alt-frequency variant genotype in affected samples'  2> ./VarSelectAnalysisResult_20170525121033/log_20170525121033/stderr_vannot_gtfreq_20170525121033.log  | bgzip -c > ./VarSelectAnalysisResult_20170525121033/unaff_gt_freq_20170525121033.vcf.gz 
Thu May 25 12:10:33 2017	thread for vsl_annot start
Thu May 25 12:10:38 2017	/peterhouse/lchen/csardas/varselect_dev/scripts/vsl_annot.pl -a extract  -f ./VarSelectAnalysisResult_20170525121033/aff_gt_freq_20170525121033.vcf.gz  -e affected_vgt,affected_vgfreq,affected_altfreqsum -t text,text,float -c affected_vgt_20170525121033,affected_vgfreq_20170525121033,affected_altfreqsum_20170525121033 -d example2_20170525112231_varselect.db  -b varselect_variants 
Thu May 25 12:10:40 2017	vcf-annot un-affected vgt finish
Thu May 25 12:10:40 2017	enqueue /peterhouse/lchen/csardas/varselect_dev/scripts/vsl_annot.pl -a extract -f ./VarSelectAnalysisResult_20170525121033/unaff_gt_freq_20170525121033.vcf.gz -e unaffected_vgt,unaffected_vgfreq,unaffected_altfreqsum -t text,text,float -c unaffected_vgt_20170525121033,unaffected_vgfreq_20170525121033,unaffected_altfreqsum_20170525121033 -d example2_20170525112231_varselect.db  -b varselect_variants
Thu May 25 12:10:40 2017	Genotype frequency calculating finish
Thu May 25 12:10:40 2017	Paired case/control workflow start
Thu May 25 12:10:40 2017	LOH detect start
Thu May 25 12:10:40 2017	/peterhouse/lchen/csardas/varselect_dev/scripts/loh_detector.pl -j 20170525121033  -i ./VarSelectAnalysisResult_20170525121033/unaff_gt_freq_20170525121033.vcf.gz  -v ./VarSelectAnalysisResult_20170525121033/example2_20170525112231_varselect_loh.vcf.gz  -o ./VarSelectAnalysisResult_20170525121033/example2_20170525112231_varselect_loh.txt  -p example3_mark2.ped  -d example2_20170525112231_varselect.db  -n 16 
Thu May 25 12:10:43 2017	/peterhouse/lchen/csardas/varselect_dev/scripts/vsl_annot.pl -a extract  -f ./VarSelectAnalysisResult_20170525121033/aff_gt_freq_20170525121033.vcf.gz  -e affected_vgt,affected_vgfreq,affected_altfreqsum -t text,text,float -c affected_vgt_20170525121033,affected_vgfreq_20170525121033,affected_altfreqsum_20170525121033 -d example2_20170525112231_varselect.db  -b varselect_variants  Finish
Thu May 25 12:10:43 2017	/peterhouse/lchen/csardas/varselect_dev/scripts/vsl_annot.pl -a extract -f ./VarSelectAnalysisResult_20170525121033/unaff_gt_freq_20170525121033.vcf.gz -e unaffected_vgt,unaffected_vgfreq,unaffected_altfreqsum -t text,text,float -c unaffected_vgt_20170525121033,unaffected_vgfreq_20170525121033,unaffected_altfreqsum_20170525121033 -d example2_20170525112231_varselect.db  -b varselect_variants
Thu May 25 12:10:40 2017	LOH detecting start
Thu May 25 12:10:42 2017	cat ./VarSelectAnalysisResult_20170525121033/example2_20170525112231_varselect_loh.txt | bgzip -f -c -@ 16 > ./VarSelectAnalysisResult_20170525121033/example2_20170525112231_varselect_loh.txt.gz
Thu May 25 12:10:42 2017	tabix -f -s 1 -b 2 -e 2 -c # ./VarSelectAnalysisResult_20170525121033/example2_20170525112231_varselect_loh.txt.gz 
Thu May 25 12:10:42 2017	zcat ./VarSelectAnalysisResult_20170525121033/unaff_gt_freq_20170525121033.vcf.gz | vcf-annotate -a ./VarSelectAnalysisResult_20170525121033/example2_20170525112231_varselect_loh.txt.gz  -c CHROM,POS,REF,ALT,INFO/is_LOH,INFO/LOH_samples -d key=INFO,ID=is_LOH,Number=1,Type=Integer,Description='is_LOH annotation provided by VarSelect'  -d key=INFO,ID=LOH_samples,Number=.,Type=string,Description='provided by VarSelect'  2> ./VarSelectAnalysisResult_20170525121033/log_20170525121033/stderr_vcfannotate_20170525121033.log | bgzip -c > ./VarSelectAnalysisResult_20170525121033/example2_20170525112231_varselect_loh.vcf.gz 
Thu May 25 12:10:44 2017	tabix -p vcf ./VarSelectAnalysisResult_20170525121033/example2_20170525112231_varselect_loh.vcf.gz
Thu May 25 12:10:45 2017	LOH detecting finish
Thu May 25 12:10:45 2017	LOH detect finish
Thu May 25 12:10:45 2017	Paired sample denovo variants detect start
Thu May 25 12:10:45 2017	/peterhouse/lchen/csardas/varselect_dev/scripts/paired_denovo_detector.pl  -i ./VarSelectAnalysisResult_20170525121033/example2_20170525112231_varselect_loh.vcf.gz  -o ./VarSelectAnalysisResult_20170525121033/is_denovo_20170525121033.txt  -v ./VarSelectAnalysisResult_20170525121033/example2_20170525112231_varselect_denovo.vcf.gz  -p example3_mark2.ped  -j 20170525121033  -d example2_20170525112231_varselect.db  -n 16 
Thu May 25 12:10:51 2017	Paired sample denovo variants detect finish
Thu May 25 12:10:51 2017	grep '^#' ./VarSelectAnalysisResult_20170525121033/inanalysis_20170525121033.txt.gz.tmp > ./VarSelectAnalysisResult_20170525121033/inanalysis_20170525121033.txt.gz.tmp.header ; grep -v '^#' ./VarSelectAnalysisResult_20170525121033/inanalysis_20170525121033.txt.gz.tmp | sort -V | cat ./VarSelectAnalysisResult_20170525121033/inanalysis_20170525121033.txt.gz.tmp.header - | bgzip -c > ./VarSelectAnalysisResult_20170525121033/inanalysis_20170525121033.txt.gz
Thu May 25 12:10:51 2017	zcat ./VarSelectAnalysisResult_20170525121033/example2_20170525112231_varselect_denovo.vcf.gz | vcf-annotate  -a ./VarSelectAnalysisResult_20170525121033/inanalysis_20170525121033.txt.gz  -c CHROM,POS,REF,ALT,INFO/in_analysis_20170525121033 -d key=INFO,ID=in_analysis_20170525121033,Number=1,Type=Integer,Description='in_analysis_20170525121033' 2> ./VarSelectAnalysisResult_20170525121033/log_20170525121033/stderr_vannot_inanalysis_20170525121033.log  |bgzip -@ 16 -c > ./VarSelectAnalysisResult_20170525121033/inanalysis_20170525121033.vcf.gz 
Thu May 25 12:10:48 2017	/peterhouse/lchen/csardas/varselect_dev/scripts/vsl_annot.pl -a extract -f ./VarSelectAnalysisResult_20170525121033/unaff_gt_freq_20170525121033.vcf.gz -e unaffected_vgt,unaffected_vgfreq,unaffected_altfreqsum -t text,text,float -c unaffected_vgt_20170525121033,unaffected_vgfreq_20170525121033,unaffected_altfreqsum_20170525121033 -d example2_20170525112231_varselect.db  -b varselect_variants Finish
Thu May 25 12:10:53 2017	/peterhouse/lchen/csardas/varselect_dev/scripts/vsl_annot.pl -a extract  -f ./VarSelectAnalysisResult_20170525121033/inanalysis_20170525121033.vcf.gz  -e is_denovo,denovo_samples,is_LOH,LOH_samples,in_analysis_20170525121033 -t boolean,text,boolean,text,boolean -c is_denovo_20170525121033,denovo_samples_20170525121033,is_LOH_20170525121033,LOH_samples_20170525121033,in_analysis_20170525121033 -b varselect_variants  -d example2_20170525112231_varselect.db
Thu May 25 12:10:57 2017	/peterhouse/lchen/csardas/varselect_dev/scripts/vsl_annot.pl -a extract  -f ./VarSelectAnalysisResult_20170525121033/inanalysis_20170525121033.vcf.gz  -e is_denovo,denovo_samples,is_LOH,LOH_samples,in_analysis_20170525121033 -t boolean,text,boolean,text,boolean -c is_denovo_20170525121033,denovo_samples_20170525121033,is_LOH_20170525121033,LOH_samples_20170525121033,in_analysis_20170525121033 -b varselect_variants  -d example2_20170525112231_varselect.db Finish
Thu May 25 12:10:57 2017	thread for vsl_annot finish
Thu May 25 12:10:53 2017	enqueue /peterhouse/lchen/csardas/varselect_dev/scripts/vsl_annot.pl -a extract  -f ./VarSelectAnalysisResult_20170525121033/inanalysis_20170525121033.vcf.gz  -e is_denovo,denovo_samples,is_LOH,LOH_samples,in_analysis_20170525121033 -t boolean,text,boolean,text,boolean -c is_denovo_20170525121033,denovo_samples_20170525121033,is_LOH_20170525121033,LOH_samples_20170525121033,in_analysis_20170525121033 -b varselect_variants  -d example2_20170525112231_varselect.db
Thu May 25 12:10:53 2017	Paired case/control workflow finish
Thu May 25 12:10:53 2017	Thread finish
Thu May 25 12:10:57 2017	/peterhouse/lchen/csardas/varselect_dev/scripts/create_view_for_varselect.pl -j 20170525121033 -d example2_20170525112231_varselect.db
Thu May 25 12:10:57 2017	VSanlz finish
