Wed May 24 17:29:45 2017	VarSelect Start
Wed May 24 17:29:45 2017	Version: 0.9.6 (20170524)-dev
Wed May 24 17:29:45 2017	Jobid: 20170524172945
Wed May 24 17:29:45 2017	-n 4 -p example1.ped -m family -v example1.txt
Wed May 24 17:29:45 2017	VarSelect annotate start
Wed May 24 17:29:45 2017	/peterhouse/lchen/csardas/varselect_dev/scripts/vs_annotate.pl  -v example1.txt  -p example1.ped  -j 20170524172945  -n 4  -d ./example1_20170524172945_varselect.db  2>&1 | tee ./VarSelectAnalysisResult_20170524172945/log_20170524172945/stderr_vs_annotate.20170524172945.log 
Wed May 24 17:29:46 2017	VS annot start
Wed May 24 17:29:46 2017	Jobid: 20170524172945
Wed May 24 17:29:46 2017	-n 4 -p example1.ped -d ./example1_20170524172945_varselect.db -v example1.txt -j 20170524172945
Wed May 24 17:29:46 2017	Load and check VCF file list start
Wed May 24 17:29:46 2017	Clean variants with multiple line or wrong sample format values: NA12878_chr22.vcf.gz
Wed May 24 17:29:46 2017	/peterhouse/lchen/csardas/varselect_dev/scripts/drop_multiline.pl -j 20170524172945 -i NA12878_chr22.vcf.gz |bgzip -@ 4 -c > ./VarSelectAnalysisResult_20170524172945/work_20170524172945/NA12878_chr22.vcf.gz 
Wed May 24 17:30:16 2017	tabix -p vcf -f ./VarSelectAnalysisResult_20170524172945/work_20170524172945/NA12878_chr22.vcf.gz 
Wed May 24 17:30:16 2017	Clean variants with multiple line or wrong sample format values: NA12891_chr22.vcf.gz
Wed May 24 17:30:16 2017	/peterhouse/lchen/csardas/varselect_dev/scripts/drop_multiline.pl -j 20170524172945 -i NA12891_chr22.vcf.gz |bgzip -@ 4 -c > ./VarSelectAnalysisResult_20170524172945/work_20170524172945/NA12891_chr22.vcf.gz 
Wed May 24 17:30:52 2017	tabix -p vcf -f ./VarSelectAnalysisResult_20170524172945/work_20170524172945/NA12891_chr22.vcf.gz 
Wed May 24 17:30:52 2017	Clean variants with multiple line or wrong sample format values: NA12892_chr22.vcf.gz
Wed May 24 17:30:52 2017	/peterhouse/lchen/csardas/varselect_dev/scripts/drop_multiline.pl -j 20170524172945 -i NA12892_chr22.vcf.gz |bgzip -@ 4 -c > ./VarSelectAnalysisResult_20170524172945/work_20170524172945/NA12892_chr22.vcf.gz 
Wed May 24 17:31:31 2017	tabix -p vcf -f ./VarSelectAnalysisResult_20170524172945/work_20170524172945/NA12892_chr22.vcf.gz 
Wed May 24 17:31:34 2017	Load and check VCF file list finish
Wed May 24 17:31:34 2017	Load ped file start
Wed May 24 17:31:34 2017	Output sex infomation of Sample to ./VarSelectAnalysisResult_20170524172945/example1_20170524172945_varselect_sample_sex.txt
Wed May 24 17:31:34 2017	Load ped file finish
Wed May 24 17:31:34 2017	Check and concat vcf files from same sample start.
Wed May 24 17:31:34 2017	tabix -p vcf -f ./VarSelectAnalysisResult_20170524172945/work_20170524172945/NA12892_chr22.vcf.gz 
Wed May 24 17:31:36 2017	tabix -p vcf -f ./VarSelectAnalysisResult_20170524172945/work_20170524172945/NA12891_chr22.vcf.gz 
Wed May 24 17:31:38 2017	tabix -p vcf -f ./VarSelectAnalysisResult_20170524172945/work_20170524172945/NA12878_chr22.vcf.gz 
Wed May 24 17:31:38 2017	Check and concat vcf files from same sample finish.
Wed May 24 17:31:38 2017	Merge vcf files from different samples start.
Wed May 24 17:31:38 2017	vcf-merge -R '0/0' ./VarSelectAnalysisResult_20170524172945/work_20170524172945/NA12892_chr22.vcf.gz ./VarSelectAnalysisResult_20170524172945/work_20170524172945/NA12891_chr22.vcf.gz ./VarSelectAnalysisResult_20170524172945/work_20170524172945/NA12878_chr22.vcf.gz 2> ./VarSelectAnalysisResult_20170524172945/log_20170524172945/stderr_vcfmerge.log |bgzip -@ 4 -c > ./VarSelectAnalysisResult_20170524172945/work_20170524172945/example1_20170524172945_varselect_merged.vcf.gz
Wed May 24 17:37:57 2017	Merge vcf files from different samples finish.
Wed May 24 17:37:57 2017	Fixing ploidy of sex chromosome start
Wed May 24 17:37:57 2017	zcat ./VarSelectAnalysisResult_20170524172945/work_20170524172945/example1_20170524172945_varselect_merged.vcf.gz |vcf-fix-ploidy --samples ./VarSelectAnalysisResult_20170524172945/example1_20170524172945_varselect_sample_sex.txt >./VarSelectAnalysisResult_20170524172945/example1_20170524172945_varselect_cleanXY.vcf 2> ./VarSelectAnalysisResult_20170524172945/log_20170524172945/stderr_fixploidy.log
Wed May 24 17:38:04 2017	bgzip -@ 4 -c ./VarSelectAnalysisResult_20170524172945/example1_20170524172945_varselect_cleanXY.vcf > ./VarSelectAnalysisResult_20170524172945/example1_20170524172945_varselect_cleanXY.vcf.gz 2>> ./VarSelectAnalysisResult_20170524172945/log_20170524172945/stderr_fixploidy.log
Wed May 24 17:38:14 2017	tabix -p vcf -f ./VarSelectAnalysisResult_20170524172945/example1_20170524172945_varselect_cleanXY.vcf.gz 
Wed May 24 17:38:16 2017	Fixing ploidy of sex chromosome finish
Wed May 24 17:38:16 2017	/peterhouse/lchen/csardas/varselect_dev/scripts/vsann2.pl -v ./VarSelectAnalysisResult_20170524172945/example1_20170524172945_varselect_cleanXY.vcf.gz -p example1.ped -j 20170524172945 -d ./example1_20170524172945_varselect.db -n 4 2>./VarSelectAnalysisResult_20170524172945/log_20170524172945/stderr_vsann2_20170524172945.log
Wed May 24 20:00:18 2017	VSannot finish
Wed May 24 20:00:18 2017	VarSelect annotate finish
Wed May 24 20:00:18 2017	VarSelect analysis start
Wed May 24 20:00:18 2017	/peterhouse/lchen/csardas/varselect_dev/scripts/vs_analysis.pl  -j 20170524172945  -d ./example1_20170524172945_varselect.db  -p example1.ped  -m family  2>&1 |tee ./VarSelectAnalysisResult_20170524172945/log_20170524172945/stderr_vs_analysis.20170524172945.log 
Wed May 24 20:00:18 2017	VSanlz start
Wed May 24 20:00:18 2017	Jobid: 20170524172945
Wed May 24 20:00:18 2017	-p example1.ped -m family -d ./example1_20170524172945_varselect.db -j 20170524172945
Wed May 24 20:00:23 2017	tabix -s 1 -b 2 -e 2 -c # -f ./VarSelectAnalysisResult_20170524172945/for_analysis_20170524172945.vcf.gz 
Wed May 24 20:00:24 2017	Threads running start
Wed May 24 20:00:24 2017	Genotype frequency calculating start
Wed May 24 20:00:24 2017	Loading genotype frequency of each sample, start.
Wed May 24 20:01:19 2017	Loading genotype frequency of each sample, finish.
Wed May 24 20:01:19 2017	bgzip -@ 16 -c ./VarSelectAnalysisResult_20170524172945/aff_gt_freq_20170524172945.txt > ./VarSelectAnalysisResult_20170524172945/aff_gt_freq_20170524172945.txt.gz
Wed May 24 20:01:19 2017	tabix -s 1 -b 2 -e 2 -c # -f ./VarSelectAnalysisResult_20170524172945/aff_gt_freq_20170524172945.txt.gz 
Wed May 24 20:01:19 2017	bgzip -@ 16 -c ./VarSelectAnalysisResult_20170524172945/unaff_gt_freq_20170524172945.txt > ./VarSelectAnalysisResult_20170524172945/unaff_gt_freq_20170524172945.txt.gz
Wed May 24 20:01:20 2017	tabix -s 1 -b 2 -e 2 -c # -f ./VarSelectAnalysisResult_20170524172945/unaff_gt_freq_20170524172945.txt.gz 
Wed May 24 20:01:20 2017	vcf-annot affected vgt start
Wed May 24 20:01:20 2017	zcat ./VarSelectAnalysisResult_20170524172945/for_analysis_20170524172945.vcf.gz| vcf-annotate  -a ./VarSelectAnalysisResult_20170524172945/aff_gt_freq_20170524172945.txt.gz  -c CHROM,POS,REF,ALT,INFO/affected_vgt,INFO/affected_vgfreq,INFO/affected_altfreqsum -d key=INFO,ID=affected_vgt,Number=.,Type=String,Description='Variant genotype in affected samples'  -d key=INFO,ID=affected_vgfreq,Number=.,Type=String,Description='Variant genotype frequency in affected samples'  -d key=INFO,ID=affected_altfreqsum,Number=.,Type=Float,Description='Summary of affected-alt-frequency variant genotype in affected samples'  2> ./VarSelectAnalysisResult_20170524172945/log_20170524172945/stderr_vannot_gtfreq_20170524172945.log  | bgzip -c > ./VarSelectAnalysisResult_20170524172945/aff_gt_freq_20170524172945.vcf.gz 
Wed May 24 20:01:51 2017	vcf-annot affected vgt finish
Wed May 24 20:01:51 2017	enqueue /peterhouse/lchen/csardas/varselect_dev/scripts/vsl_annot.pl -a extract  -f ./VarSelectAnalysisResult_20170524172945/aff_gt_freq_20170524172945.vcf.gz  -e affected_vgt,affected_vgfreq,affected_altfreqsum -t text,text,float -c affected_vgt_20170524172945,affected_vgfreq_20170524172945,affected_altfreqsum_20170524172945 -d ./example1_20170524172945_varselect.db  -b varselect_variants 
Wed May 24 20:01:51 2017	vcf-annot un-affected vgt start
Wed May 24 20:01:51 2017	zcat ./VarSelectAnalysisResult_20170524172945/for_analysis_20170524172945.vcf.gz| vcf-annotate  -a ./VarSelectAnalysisResult_20170524172945/unaff_gt_freq_20170524172945.txt.gz  -c CHROM,POS,REF,ALT,INFO/unaffected_vgt,INFO/unaffected_vgfreq,INFO/unaffected_altfreqsum -d key=INFO,ID=unaffected_vgt,Number=.,Type=String,Description='variant genotype in unaffected samples'  -d key=INFO,ID=unaffected_vgfreq,Number=.,Type=String,Description='Variant genotype frequency in unaffected samples'  -d key=INFO,ID=unaffected_altfreqsum,Number=.,Type=Float,Description='Summary of unaffected-alt-frequency variant genotype in affected samples'  2> ./VarSelectAnalysisResult_20170524172945/log_20170524172945/stderr_vannot_gtfreq_20170524172945.log  | bgzip -c > ./VarSelectAnalysisResult_20170524172945/unaff_gt_freq_20170524172945.vcf.gz 
Wed May 24 20:00:24 2017	thread for vsl_annot start
Wed May 24 20:01:51 2017	/peterhouse/lchen/csardas/varselect_dev/scripts/vsl_annot.pl -a extract  -f ./VarSelectAnalysisResult_20170524172945/aff_gt_freq_20170524172945.vcf.gz  -e affected_vgt,affected_vgfreq,affected_altfreqsum -t text,text,float -c affected_vgt_20170524172945,affected_vgfreq_20170524172945,affected_altfreqsum_20170524172945 -d ./example1_20170524172945_varselect.db  -b varselect_variants 
Wed May 24 20:02:34 2017	vcf-annot un-affected vgt finish
Wed May 24 20:02:34 2017	enqueue /peterhouse/lchen/csardas/varselect_dev/scripts/vsl_annot.pl -a extract -f ./VarSelectAnalysisResult_20170524172945/unaff_gt_freq_20170524172945.vcf.gz -e unaffected_vgt,unaffected_vgfreq,unaffected_altfreqsum -t text,text,float -c unaffected_vgt_20170524172945,unaffected_vgfreq_20170524172945,unaffected_altfreqsum_20170524172945 -d ./example1_20170524172945_varselect.db  -b varselect_variants
Wed May 24 20:02:34 2017	Genotype frequency calculating finish
Wed May 24 20:02:34 2017	Family workflow start
Wed May 24 20:02:34 2017	zcat ./VarSelectAnalysisResult_20170524172945/for_analysis_20170524172945.vcf.gz > ./VarSelectAnalysisResult_20170524172945/work_20170524172945/for_genetic_workflow_20170524172945.vcf
Wed May 24 20:02:35 2017	/peterhouse/lchen/csardas/varselect_dev/workflows/autosomal-dominant/Autosomal-dominant.py  -v ./VarSelectAnalysisResult_20170524172945/work_20170524172945/for_genetic_workflow_20170524172945.vcf  -p example1.ped  2> ./VarSelectAnalysisResult_20170524172945/log_20170524172945/stderr_runworkflow_AD_20170524172945.log  > ./VarSelectAnalysisResult_20170524172945/workflow_AD_output_20170524172945.txt.gz.tmp
Wed May 24 20:02:43 2017	/peterhouse/lchen/csardas/varselect_dev/workflows/autosomal-dominant/Compare.py  -v ./VarSelectAnalysisResult_20170524172945/work_20170524172945/for_genetic_workflow_20170524172945.vcf  -p example1.ped  -c ./VarSelectAnalysisResult_20170524172945/workflow_AD_output_20170524172945.txt.gz.tmp  | bgzip -c > ./VarSelectAnalysisResult_20170524172945/workflow_AD_output_20170524172945.txt.gz
Wed May 24 20:02:43 2017	vcf-annotate  -a ./VarSelectAnalysisResult_20170524172945/workflow_AD_output_20170524172945.txt.gz  -c CHROM,POS,REF,ALT,INFO/is_AD_20170524172945 -d key=INFO,ID=is_AD_20170524172945,Number=1,Type=Integer,Description='genetic model is_AD_20170524172945' ./VarSelectAnalysisResult_20170524172945/unaff_gt_freq_20170524172945.vcf.gz 2> ./VarSelectAnalysisResult_20170524172945/log_20170524172945/stderr_vannot_workflow_is_AD_20170524172945.log  |bgzip -c > ./VarSelectAnalysisResult_20170524172945/work_20170524172945/AutosomalDominant_20170524172945.vcf.gz 
Wed May 24 20:02:52 2017	/peterhouse/lchen/csardas/varselect_dev/workflows/autosomal-recessive/Autosomal-recessive.py  -v ./VarSelectAnalysisResult_20170524172945/work_20170524172945/for_genetic_workflow_20170524172945.vcf  -p example1.ped  2> ./VarSelectAnalysisResult_20170524172945/log_20170524172945/stderr_runworkflow_AR_20170524172945.log  > ./VarSelectAnalysisResult_20170524172945/workflow_AR_output_20170524172945.txt.gz.tmp
Wed May 24 20:03:00 2017	/peterhouse/lchen/csardas/varselect_dev/workflows/autosomal-recessive/Compare.py  -v ./VarSelectAnalysisResult_20170524172945/work_20170524172945/for_genetic_workflow_20170524172945.vcf  -p example1.ped  -c ./VarSelectAnalysisResult_20170524172945/workflow_AR_output_20170524172945.txt.gz.tmp  | bgzip -c > ./VarSelectAnalysisResult_20170524172945/workflow_AR_output_20170524172945.txt.gz
Wed May 24 20:03:01 2017	vcf-annotate  -a ./VarSelectAnalysisResult_20170524172945/workflow_AR_output_20170524172945.txt.gz  -c CHROM,POS,REF,ALT,INFO/is_AR_20170524172945 -d key=INFO,ID=is_AR_20170524172945,Number=1,Type=Integer,Description='genetic model is_AR_20170524172945' ./VarSelectAnalysisResult_20170524172945/work_20170524172945/AutosomalDominant_20170524172945.vcf.gz 2> ./VarSelectAnalysisResult_20170524172945/log_20170524172945/stderr_vannot_workflow_is_AR_20170524172945.log  |bgzip -c > ./VarSelectAnalysisResult_20170524172945/work_20170524172945/AutosomalRecessive_wAd_20170524172945.vcf.gz 
Wed May 24 20:03:23 2017	/peterhouse/lchen/csardas/varselect_dev/scripts/vsl_annot.pl -a extract  -f ./VarSelectAnalysisResult_20170524172945/aff_gt_freq_20170524172945.vcf.gz  -e affected_vgt,affected_vgfreq,affected_altfreqsum -t text,text,float -c affected_vgt_20170524172945,affected_vgfreq_20170524172945,affected_altfreqsum_20170524172945 -d ./example1_20170524172945_varselect.db  -b varselect_variants  Finish
Wed May 24 20:03:23 2017	/peterhouse/lchen/csardas/varselect_dev/scripts/vsl_annot.pl -a extract -f ./VarSelectAnalysisResult_20170524172945/unaff_gt_freq_20170524172945.vcf.gz -e unaffected_vgt,unaffected_vgfreq,unaffected_altfreqsum -t text,text,float -c unaffected_vgt_20170524172945,unaffected_vgfreq_20170524172945,unaffected_altfreqsum_20170524172945 -d ./example1_20170524172945_varselect.db  -b varselect_variants
Wed May 24 20:03:42 2017	/peterhouse/lchen/csardas/varselect_dev/workflows/compound-het/Compound-het.py  -v ./VarSelectAnalysisResult_20170524172945/work_20170524172945/for_genetic_workflow_20170524172945.vcf  -p example1.ped  -d ./example1_20170524172945_varselect.db  2> ./VarSelectAnalysisResult_20170524172945/log_20170524172945/stderr_runworkflow_CH_20170524172945.log  > ./VarSelectAnalysisResult_20170524172945/workflow_CH_output_20170524172945.txt.gz.tmp
Wed May 24 20:04:21 2017	/peterhouse/lchen/csardas/varselect_dev/workflows/compound-het/Compare.py  -v ./VarSelectAnalysisResult_20170524172945/work_20170524172945/for_genetic_workflow_20170524172945.vcf  -p example1.ped  -c ./VarSelectAnalysisResult_20170524172945/workflow_CH_output_20170524172945.txt.gz.tmp  | bgzip -c > ./VarSelectAnalysisResult_20170524172945/workflow_CH_output_20170524172945.txt.gz
Wed May 24 20:04:23 2017	vcf-annotate  -a ./VarSelectAnalysisResult_20170524172945/workflow_CH_output_20170524172945.txt.gz  -c CHROM,POS,REF,ALT,INFO/is_CH_20170524172945 -d key=INFO,ID=is_CH_20170524172945,Number=1,Type=Integer,Description='genetic model is_CH_20170524172945' ./VarSelectAnalysisResult_20170524172945/work_20170524172945/AutosomalRecessive_wAd_20170524172945.vcf.gz 2> ./VarSelectAnalysisResult_20170524172945/log_20170524172945/stderr_vannot_workflow_is_CH_20170524172945.log  |bgzip -c > ./VarSelectAnalysisResult_20170524172945/work_20170524172945/CompoundHet_wAdAr_20170524172945.vcf.gz 
Wed May 24 20:05:11 2017	/peterhouse/lchen/csardas/varselect_dev/workflows/denovo-dominant/Denovo-dominant.py  -v ./VarSelectAnalysisResult_20170524172945/work_20170524172945/for_genetic_workflow_20170524172945.vcf  -p example1.ped  2> ./VarSelectAnalysisResult_20170524172945/log_20170524172945/stderr_runworkflow_DD_20170524172945.log  > ./VarSelectAnalysisResult_20170524172945/workflow_DD_output_20170524172945.txt.gz.tmp
Wed May 24 20:05:19 2017	/peterhouse/lchen/csardas/varselect_dev/workflows/denovo-dominant/Compare.py  -v ./VarSelectAnalysisResult_20170524172945/work_20170524172945/for_genetic_workflow_20170524172945.vcf  -p example1.ped  -c ./VarSelectAnalysisResult_20170524172945/workflow_DD_output_20170524172945.txt.gz.tmp  | bgzip -c > ./VarSelectAnalysisResult_20170524172945/workflow_DD_output_20170524172945.txt.gz
Wed May 24 20:05:21 2017	vcf-annotate  -a ./VarSelectAnalysisResult_20170524172945/workflow_DD_output_20170524172945.txt.gz  -c CHROM,POS,REF,ALT,INFO/is_DD_20170524172945 -d key=INFO,ID=is_DD_20170524172945,Number=1,Type=Integer,Description='genetic model is_DD_20170524172945' ./VarSelectAnalysisResult_20170524172945/work_20170524172945/CompoundHet_wAdAr_20170524172945.vcf.gz 2> ./VarSelectAnalysisResult_20170524172945/log_20170524172945/stderr_vannot_workflow_is_DD_20170524172945.log  |bgzip -c > ./VarSelectAnalysisResult_20170524172945/work_20170524172945/DenovoDominant_wAdArCh_20170524172945.vcf.gz 
Wed May 24 20:06:01 2017	/peterhouse/lchen/csardas/varselect_dev/workflows/denovo-recessive/Denovo-recessive.py  -v ./VarSelectAnalysisResult_20170524172945/work_20170524172945/for_genetic_workflow_20170524172945.vcf  -p example1.ped  2> ./VarSelectAnalysisResult_20170524172945/log_20170524172945/stderr_runworkflow_DR_20170524172945.log  > ./VarSelectAnalysisResult_20170524172945/workflow_DR_output_20170524172945.txt.gz.tmp
Wed May 24 20:06:07 2017	/peterhouse/lchen/csardas/varselect_dev/workflows/denovo-recessive/Compare.py  -v ./VarSelectAnalysisResult_20170524172945/work_20170524172945/for_genetic_workflow_20170524172945.vcf  -p example1.ped  -c ./VarSelectAnalysisResult_20170524172945/workflow_DR_output_20170524172945.txt.gz.tmp  | bgzip -c > ./VarSelectAnalysisResult_20170524172945/workflow_DR_output_20170524172945.txt.gz
Wed May 24 20:06:08 2017	vcf-annotate  -a ./VarSelectAnalysisResult_20170524172945/workflow_DR_output_20170524172945.txt.gz  -c CHROM,POS,REF,ALT,INFO/is_DR_20170524172945 -d key=INFO,ID=is_DR_20170524172945,Number=1,Type=Integer,Description='genetic model is_DR_20170524172945' ./VarSelectAnalysisResult_20170524172945/work_20170524172945/DenovoDominant_wAdArCh_20170524172945.vcf.gz 2> ./VarSelectAnalysisResult_20170524172945/log_20170524172945/stderr_vannot_workflow_is_DR_20170524172945.log  |bgzip -c > ./VarSelectAnalysisResult_20170524172945/work_20170524172945/DenovoRecessive_wAdArChDd_20170524172945.vcf.gz 
Wed May 24 20:07:01 2017	/peterhouse/lchen/csardas/varselect_dev/workflows/second-hit/Second-hit.py  -v ./VarSelectAnalysisResult_20170524172945/work_20170524172945/for_genetic_workflow_20170524172945.vcf  -p example1.ped  2> ./VarSelectAnalysisResult_20170524172945/log_20170524172945/stderr_runworkflow_SH_20170524172945.log  > ./VarSelectAnalysisResult_20170524172945/workflow_SH_output_20170524172945.txt.gz.tmp
Wed May 24 20:07:07 2017	/peterhouse/lchen/csardas/varselect_dev/workflows/second-hit/Compare.py  -v ./VarSelectAnalysisResult_20170524172945/work_20170524172945/for_genetic_workflow_20170524172945.vcf  -p example1.ped  -c ./VarSelectAnalysisResult_20170524172945/workflow_SH_output_20170524172945.txt.gz.tmp  | bgzip -c > ./VarSelectAnalysisResult_20170524172945/workflow_SH_output_20170524172945.txt.gz
Wed May 24 20:07:08 2017	vcf-annotate  -a ./VarSelectAnalysisResult_20170524172945/workflow_SH_output_20170524172945.txt.gz  -c CHROM,POS,REF,ALT,INFO/is_SH_20170524172945 -d key=INFO,ID=is_SH_20170524172945,Number=1,Type=Integer,Description='genetic model is_SH_20170524172945' ./VarSelectAnalysisResult_20170524172945/work_20170524172945/DenovoRecessive_wAdArChDd_20170524172945.vcf.gz 2> ./VarSelectAnalysisResult_20170524172945/log_20170524172945/stderr_vannot_workflow_is_SH_20170524172945.log  |bgzip -c > ./VarSelectAnalysisResult_20170524172945/work_20170524172945/SecondHit_wAdArChDdDr_20170524172945.vcf.gz 
Wed May 24 20:07:53 2017	/peterhouse/lchen/csardas/varselect_dev/workflows/x-linked/X-linked.py  -v ./VarSelectAnalysisResult_20170524172945/work_20170524172945/for_genetic_workflow_20170524172945.vcf  -p example1.ped  2> ./VarSelectAnalysisResult_20170524172945/log_20170524172945/stderr_runworkflow_XL_20170524172945.log  > ./VarSelectAnalysisResult_20170524172945/workflow_XL_output_20170524172945.txt.gz.tmp
Wed May 24 20:07:58 2017	/peterhouse/lchen/csardas/varselect_dev/workflows/x-linked/Compare.py  -v ./VarSelectAnalysisResult_20170524172945/work_20170524172945/for_genetic_workflow_20170524172945.vcf  -p example1.ped  -c ./VarSelectAnalysisResult_20170524172945/workflow_XL_output_20170524172945.txt.gz.tmp  | bgzip -c > ./VarSelectAnalysisResult_20170524172945/workflow_XL_output_20170524172945.txt.gz
Wed May 24 20:07:59 2017	vcf-annotate  -a ./VarSelectAnalysisResult_20170524172945/workflow_XL_output_20170524172945.txt.gz  -c CHROM,POS,REF,ALT,INFO/is_XL_20170524172945 -d key=INFO,ID=is_XL_20170524172945,Number=1,Type=Integer,Description='genetic model is_XL_20170524172945' ./VarSelectAnalysisResult_20170524172945/work_20170524172945/SecondHit_wAdArChDdDr_20170524172945.vcf.gz 2> ./VarSelectAnalysisResult_20170524172945/log_20170524172945/stderr_vannot_workflow_is_XL_20170524172945.log  |bgzip -c > ./VarSelectAnalysisResult_20170524172945/work_20170524172945/XLinked_wAdArChDdDrTh_20170524172945.vcf.gz 
Wed May 24 20:08:47 2017	grep '^#' ./VarSelectAnalysisResult_20170524172945/inanalysis_20170524172945.txt.gz.tmp > ./VarSelectAnalysisResult_20170524172945/inanalysis_20170524172945.txt.gz.tmp.header ; grep -v '^#' ./VarSelectAnalysisResult_20170524172945/inanalysis_20170524172945.txt.gz.tmp | sort -V | cat ./VarSelectAnalysisResult_20170524172945/inanalysis_20170524172945.txt.gz.tmp.header - | bgzip -c > ./VarSelectAnalysisResult_20170524172945/inanalysis_20170524172945.txt.gz
Wed May 24 20:08:50 2017	zcat ./VarSelectAnalysisResult_20170524172945/work_20170524172945/XLinked_wAdArChDdDrTh_20170524172945.vcf.gz | vcf-annotate  -a ./VarSelectAnalysisResult_20170524172945/inanalysis_20170524172945.txt.gz  -c CHROM,POS,REF,ALT,INFO/in_analysis_20170524172945 -d key=INFO,ID=in_analysis_20170524172945,Number=1,Type=Integer,Description='in_analysis_20170524172945' 2> ./VarSelectAnalysisResult_20170524172945/log_20170524172945/stderr_vannot_inanalysis_20170524172945.log  |bgzip -c > ./VarSelectAnalysisResult_20170524172945/inanalysis_20170524172945.vcf.gz 
Wed May 24 20:04:39 2017	/peterhouse/lchen/csardas/varselect_dev/scripts/vsl_annot.pl -a extract -f ./VarSelectAnalysisResult_20170524172945/unaff_gt_freq_20170524172945.vcf.gz -e unaffected_vgt,unaffected_vgfreq,unaffected_altfreqsum -t text,text,float -c unaffected_vgt_20170524172945,unaffected_vgfreq_20170524172945,unaffected_altfreqsum_20170524172945 -d ./example1_20170524172945_varselect.db  -b varselect_variants Finish
Wed May 24 20:09:11 2017	/peterhouse/lchen/csardas/varselect_dev/scripts/vsl_annot.pl -a extract  -f ./VarSelectAnalysisResult_20170524172945/inanalysis_20170524172945.vcf.gz  -e is_AD_20170524172945,is_AR_20170524172945,is_CH_20170524172945,is_DD_20170524172945,is_DR_20170524172945,is_SH_20170524172945,is_XL_20170524172945,in_analysis_20170524172945 -t boolean,boolean,boolean,boolean,boolean,boolean,boolean,boolean -c is_AD_20170524172945,is_AR_20170524172945,is_CH_20170524172945,is_DD_20170524172945,is_DR_20170524172945,is_SH_20170524172945,is_XL_20170524172945,in_analysis_20170524172945 -d ./example1_20170524172945_varselect.db  -b varselect_variants
Wed May 24 20:10:33 2017	/peterhouse/lchen/csardas/varselect_dev/scripts/vsl_annot.pl -a extract  -f ./VarSelectAnalysisResult_20170524172945/inanalysis_20170524172945.vcf.gz  -e is_AD_20170524172945,is_AR_20170524172945,is_CH_20170524172945,is_DD_20170524172945,is_DR_20170524172945,is_SH_20170524172945,is_XL_20170524172945,in_analysis_20170524172945 -t boolean,boolean,boolean,boolean,boolean,boolean,boolean,boolean -c is_AD_20170524172945,is_AR_20170524172945,is_CH_20170524172945,is_DD_20170524172945,is_DR_20170524172945,is_SH_20170524172945,is_XL_20170524172945,in_analysis_20170524172945 -d ./example1_20170524172945_varselect.db  -b varselect_variants Finish
Wed May 24 20:10:33 2017	thread for vsl_annot finish
Wed May 24 20:09:11 2017	enqueue /peterhouse/lchen/csardas/varselect_dev/scripts/vsl_annot.pl -a extract  -f ./VarSelectAnalysisResult_20170524172945/inanalysis_20170524172945.vcf.gz  -e is_AD_20170524172945,is_AR_20170524172945,is_CH_20170524172945,is_DD_20170524172945,is_DR_20170524172945,is_SH_20170524172945,is_XL_20170524172945,in_analysis_20170524172945 -t boolean,boolean,boolean,boolean,boolean,boolean,boolean,boolean -c is_AD_20170524172945,is_AR_20170524172945,is_CH_20170524172945,is_DD_20170524172945,is_DR_20170524172945,is_SH_20170524172945,is_XL_20170524172945,in_analysis_20170524172945 -d ./example1_20170524172945_varselect.db  -b varselect_variants
Wed May 24 20:09:11 2017	Thread finish
Wed May 24 20:10:33 2017	/peterhouse/lchen/csardas/varselect_dev/scripts/create_view_for_varselect.pl -j 20170524172945 -d ./example1_20170524172945_varselect.db
Wed May 24 20:10:33 2017	VSanlz finish
Wed May 24 20:10:33 2017	VarSelect analysis finish
