Thu May 25 11:36:14 2017	Threads running start
Thu May 25 11:36:14 2017	Genotype frequency calculating start
Thu May 25 11:36:14 2017	thread for vsl_annot start
Thu May 25 11:36:14 2017	Loading genotype frequency of each sample, start.
Thu May 25 11:36:17 2017	Loading genotype frequency of each sample, finish.
Thu May 25 11:36:17 2017	vcf-annot affected vgt start
Thu May 25 11:36:19 2017	vcf-annot affected vgt finish
Thu May 25 11:36:19 2017	enqueue /peterhouse/lchen/csardas/varselect_dev/scripts/vsl_annot.pl -a extract  -f ./VarSelectAnalysisResult_20170525112231/aff_gt_freq_20170525112231.vcf.gz  -e affected_vgt,affected_vgfreq,affected_altfreqsum -t text,text,float -c affected_vgt_20170525112231,affected_vgfreq_20170525112231,affected_altfreqsum_20170525112231 -d ./example2_20170525112231_varselect.db  -b varselect_variants 
Thu May 25 11:36:19 2017	vcf-annot un-affected vgt start
Thu May 25 11:36:19 2017	/peterhouse/lchen/csardas/varselect_dev/scripts/vsl_annot.pl -a extract  -f ./VarSelectAnalysisResult_20170525112231/aff_gt_freq_20170525112231.vcf.gz  -e affected_vgt,affected_vgfreq,affected_altfreqsum -t text,text,float -c affected_vgt_20170525112231,affected_vgfreq_20170525112231,affected_altfreqsum_20170525112231 -d ./example2_20170525112231_varselect.db  -b varselect_variants 
ALTER table varselect_variants ADD COLUMN 'affected_vgt_20170525112231' text DEFAULT NULL 
ALTER table varselect_variants ADD COLUMN 'affected_vgfreq_20170525112231' text DEFAULT NULL 
ALTER table varselect_variants ADD COLUMN 'affected_altfreqsum_20170525112231' float DEFAULT NULL 
update varselect_variants SET 'affected_vgt_20170525112231'=? , 'affected_vgfreq_20170525112231'=? , 'affected_altfreqsum_20170525112231'=? where variant_id = ? 
chr22, 16052079, G, A, 1
chr22, 51241432, G, A, 29003
Thu May 25 11:36:21 2017	vcf-annot un-affected vgt finish
Thu May 25 11:36:21 2017	enqueue /peterhouse/lchen/csardas/varselect_dev/scripts/vsl_annot.pl -a extract -f ./VarSelectAnalysisResult_20170525112231/unaff_gt_freq_20170525112231.vcf.gz -e unaffected_vgt,unaffected_vgfreq,unaffected_altfreqsum -t text,text,float -c unaffected_vgt_20170525112231,unaffected_vgfreq_20170525112231,unaffected_altfreqsum_20170525112231 -d ./example2_20170525112231_varselect.db  -b varselect_variants
Thu May 25 11:36:21 2017	Genotype frequency calculating finish
Thu May 25 11:36:21 2017	Paired case/control workflow start
Thu May 25 11:36:21 2017	LOH detecting start
Thu May 25 11:36:23 2017	update 10000 variants	8050 : 1950
Thu May 25 11:36:23 2017	update 20000 variants	6266 : 3734
match 29003 records
Thu May 25 11:36:24 2017	/peterhouse/lchen/csardas/varselect_dev/scripts/vsl_annot.pl -a extract  -f ./VarSelectAnalysisResult_20170525112231/aff_gt_freq_20170525112231.vcf.gz  -e affected_vgt,affected_vgfreq,affected_altfreqsum -t text,text,float -c affected_vgt_20170525112231,affected_vgfreq_20170525112231,affected_altfreqsum_20170525112231 -d ./example2_20170525112231_varselect.db  -b varselect_variants  Finish
Thu May 25 11:36:24 2017	/peterhouse/lchen/csardas/varselect_dev/scripts/vsl_annot.pl -a extract -f ./VarSelectAnalysisResult_20170525112231/unaff_gt_freq_20170525112231.vcf.gz -e unaffected_vgt,unaffected_vgfreq,unaffected_altfreqsum -t text,text,float -c unaffected_vgt_20170525112231,unaffected_vgfreq_20170525112231,unaffected_altfreqsum_20170525112231 -d ./example2_20170525112231_varselect.db  -b varselect_variants
ALTER table varselect_variants ADD COLUMN 'unaffected_vgt_20170525112231' text DEFAULT NULL 
ALTER table varselect_variants ADD COLUMN 'unaffected_vgfreq_20170525112231' text DEFAULT NULL 
ALTER table varselect_variants ADD COLUMN 'unaffected_altfreqsum_20170525112231' float DEFAULT NULL 
update varselect_variants SET 'unaffected_vgt_20170525112231'=? , 'unaffected_vgfreq_20170525112231'=? , 'unaffected_altfreqsum_20170525112231'=? where variant_id = ? 
chr22, 16052079, G, A, 1
chr22, 51241432, G, A, 29003
Thu May 25 11:36:26 2017	LOH detecting finish
Thu May 25 11:36:26 2017	De novo detecting start
Thu May 25 11:36:29 2017	update 10000 variants	5422 : 4578
Thu May 25 11:36:29 2017	update 20000 variants	4071 : 5929
match 29003 records
Thu May 25 11:36:30 2017	/peterhouse/lchen/csardas/varselect_dev/scripts/vsl_annot.pl -a extract -f ./VarSelectAnalysisResult_20170525112231/unaff_gt_freq_20170525112231.vcf.gz -e unaffected_vgt,unaffected_vgfreq,unaffected_altfreqsum -t text,text,float -c unaffected_vgt_20170525112231,unaffected_vgfreq_20170525112231,unaffected_altfreqsum_20170525112231 -d ./example2_20170525112231_varselect.db  -b varselect_variants Finish
Thu May 25 11:36:33 2017	enqueue /peterhouse/lchen/csardas/varselect_dev/scripts/vsl_annot.pl -a extract  -f ./VarSelectAnalysisResult_20170525112231/inanalysis_20170525112231.vcf.gz  -e is_denovo,denovo_samples,is_LOH,LOH_samples,in_analysis_20170525112231 -t boolean,text,boolean,text,boolean -c is_denovo_20170525112231,denovo_samples_20170525112231,is_LOH_20170525112231,LOH_samples_20170525112231,in_analysis_20170525112231 -b varselect_variants  -d ./example2_20170525112231_varselect.db
Thu May 25 11:36:33 2017	Paired case/control workflow finish
Thu May 25 11:36:33 2017	Thread finish
Thu May 25 11:36:33 2017	/peterhouse/lchen/csardas/varselect_dev/scripts/vsl_annot.pl -a extract  -f ./VarSelectAnalysisResult_20170525112231/inanalysis_20170525112231.vcf.gz  -e is_denovo,denovo_samples,is_LOH,LOH_samples,in_analysis_20170525112231 -t boolean,text,boolean,text,boolean -c is_denovo_20170525112231,denovo_samples_20170525112231,is_LOH_20170525112231,LOH_samples_20170525112231,in_analysis_20170525112231 -b varselect_variants  -d ./example2_20170525112231_varselect.db
ALTER table varselect_variants ADD COLUMN 'is_denovo_20170525112231' boolean DEFAULT NULL 
ALTER table varselect_variants ADD COLUMN 'denovo_samples_20170525112231' text DEFAULT NULL 
ALTER table varselect_variants ADD COLUMN 'is_LOH_20170525112231' boolean DEFAULT NULL 
ALTER table varselect_variants ADD COLUMN 'LOH_samples_20170525112231' text DEFAULT NULL 
ALTER table varselect_variants ADD COLUMN 'in_analysis_20170525112231' boolean DEFAULT NULL 
update varselect_variants SET 'is_denovo_20170525112231'=? , 'denovo_samples_20170525112231'=? , 'is_LOH_20170525112231'=? , 'LOH_samples_20170525112231'=? , 'in_analysis_20170525112231'=? where variant_id = ? 
chr22, 16052079, G, A, 1
chr22, 51241432, G, A, 29003
Thu May 25 11:36:38 2017	update 10000 variants	5969 : 4031
Thu May 25 11:36:38 2017	update 20000 variants	4708 : 5292
match 29003 records
Thu May 25 11:36:38 2017	/peterhouse/lchen/csardas/varselect_dev/scripts/vsl_annot.pl -a extract  -f ./VarSelectAnalysisResult_20170525112231/inanalysis_20170525112231.vcf.gz  -e is_denovo,denovo_samples,is_LOH,LOH_samples,in_analysis_20170525112231 -t boolean,text,boolean,text,boolean -c is_denovo_20170525112231,denovo_samples_20170525112231,is_LOH_20170525112231,LOH_samples_20170525112231,in_analysis_20170525112231 -b varselect_variants  -d ./example2_20170525112231_varselect.db Finish
Thu May 25 11:36:38 2017	thread for vsl_annot finish
Thu May 25 11:36:38 2017	/peterhouse/lchen/csardas/varselect_dev/scripts/create_view_for_varselect.pl -j 20170525112231 -d ./example2_20170525112231_varselect.db
