Wed May 24 17:32:22 2017	VarSelect Start
Wed May 24 17:32:22 2017	Version: 0.9.6 (20170524)-dev
Wed May 24 17:32:22 2017	Jobid: 20170524173222
Wed May 24 17:32:22 2017	-n 4 -u 1 -p example4.ped -k 1 -m family -v example4.txt
Wed May 24 17:32:22 2017	VarSelect annotate start
Wed May 24 17:32:22 2017	/peterhouse/lchen/csardas/varselect_dev/scripts/vs_annotate.pl  -v example4.txt  -p example4.ped  -j 20170524173222  -n 4  -k  -d ./example4_20170524173222_varselect.db  2>&1 | tee ./VarSelectAnalysisResult_20170524173222/log_20170524173222/stderr_vs_annotate.20170524173222.log 
Wed May 24 17:32:22 2017	VS annot start
Wed May 24 17:32:22 2017	Jobid: 20170524173222
Wed May 24 17:32:22 2017	-n 4 -p example4.ped -k 1 -d ./example4_20170524173222_varselect.db -v example4.txt -j 20170524173222
Wed May 24 17:32:22 2017	Load and check VCF file list start
Wed May 24 17:32:22 2017	Clean variants with multiple line or wrong sample format values: NA12878-gatk-chr22.vcf.gz
Wed May 24 17:32:22 2017	/peterhouse/lchen/csardas/varselect_dev/scripts/drop_multiline.pl -j 20170524173222 -i NA12878-gatk-chr22.vcf.gz |bgzip -@ 4 -c > ./VarSelectAnalysisResult_20170524173222/work_20170524173222/NA12878-gatk-chr22.vcf.gz 
Wed May 24 17:32:59 2017	tabix -p vcf -f ./VarSelectAnalysisResult_20170524173222/work_20170524173222/NA12878-gatk-chr22.vcf.gz 
Wed May 24 17:33:01 2017	Clean variants with multiple line or wrong sample format values: NA12891-gatk-chr22.vcf.gz
Wed May 24 17:33:01 2017	/peterhouse/lchen/csardas/varselect_dev/scripts/drop_multiline.pl -j 20170524173222 -i NA12891-gatk-chr22.vcf.gz |bgzip -@ 4 -c > ./VarSelectAnalysisResult_20170524173222/work_20170524173222/NA12891-gatk-chr22.vcf.gz 
Wed May 24 17:33:32 2017	tabix -p vcf -f ./VarSelectAnalysisResult_20170524173222/work_20170524173222/NA12891-gatk-chr22.vcf.gz 
Wed May 24 17:33:34 2017	Clean variants with multiple line or wrong sample format values: NA12892-gatk-chr22.vcf.gz
Wed May 24 17:33:34 2017	/peterhouse/lchen/csardas/varselect_dev/scripts/drop_multiline.pl -j 20170524173222 -i NA12892-gatk-chr22.vcf.gz |bgzip -@ 4 -c > ./VarSelectAnalysisResult_20170524173222/work_20170524173222/NA12892-gatk-chr22.vcf.gz 
Wed May 24 17:34:11 2017	tabix -p vcf -f ./VarSelectAnalysisResult_20170524173222/work_20170524173222/NA12892-gatk-chr22.vcf.gz 
Wed May 24 17:34:12 2017	Clean variants with multiple line or wrong sample format values: NA12878-freebayes-chr22.vcf.gz
Wed May 24 17:34:12 2017	/peterhouse/lchen/csardas/varselect_dev/scripts/drop_multiline.pl -j 20170524173222 -i NA12878-freebayes-chr22.vcf.gz |bgzip -@ 4 -c > ./VarSelectAnalysisResult_20170524173222/work_20170524173222/NA12878-freebayes-chr22.vcf.gz 
Wed May 24 17:34:59 2017	tabix -p vcf -f ./VarSelectAnalysisResult_20170524173222/work_20170524173222/NA12878-freebayes-chr22.vcf.gz 
Wed May 24 17:35:00 2017	Clean variants with multiple line or wrong sample format values: NA12891-freebayes-chr22.vcf.gz
Wed May 24 17:35:00 2017	/peterhouse/lchen/csardas/varselect_dev/scripts/drop_multiline.pl -j 20170524173222 -i NA12891-freebayes-chr22.vcf.gz |bgzip -@ 4 -c > ./VarSelectAnalysisResult_20170524173222/work_20170524173222/NA12891-freebayes-chr22.vcf.gz 
Wed May 24 17:35:50 2017	tabix -p vcf -f ./VarSelectAnalysisResult_20170524173222/work_20170524173222/NA12891-freebayes-chr22.vcf.gz 
Wed May 24 17:35:51 2017	Clean variants with multiple line or wrong sample format values: NA12892-freebayes-chr22.vcf.gz
Wed May 24 17:35:51 2017	/peterhouse/lchen/csardas/varselect_dev/scripts/drop_multiline.pl -j 20170524173222 -i NA12892-freebayes-chr22.vcf.gz |bgzip -@ 4 -c > ./VarSelectAnalysisResult_20170524173222/work_20170524173222/NA12892-freebayes-chr22.vcf.gz 
Wed May 24 17:36:35 2017	tabix -p vcf -f ./VarSelectAnalysisResult_20170524173222/work_20170524173222/NA12892-freebayes-chr22.vcf.gz 
Wed May 24 17:36:37 2017	Load and check VCF file list finish
Wed May 24 17:36:37 2017	Load ped file start
Wed May 24 17:36:37 2017	bcftools reheader --sample ./VarSelectAnalysisResult_20170524173222/work_20170524173222/newheader_NA12878_freebayes.txt ./VarSelectAnalysisResult_20170524173222/work_20170524173222/NA12878-freebayes-chr22.vcf.gz |bcftools view > ./VarSelectAnalysisResult_20170524173222/work_20170524173222/NA12878_freebayes_nh.vcf
Wed May 24 17:36:40 2017	mv ./VarSelectAnalysisResult_20170524173222/work_20170524173222/NA12878-freebayes-chr22.vcf.gz ./VarSelectAnalysisResult_20170524173222/work_20170524173222/NA12878-freebayes-chr22.vcf.gz.orig
Wed May 24 17:36:40 2017	bgzip -@ 4 -c ./VarSelectAnalysisResult_20170524173222/work_20170524173222/NA12878_freebayes_nh.vcf > ./VarSelectAnalysisResult_20170524173222/work_20170524173222/NA12878_freebayes_nh.vcf.gz
Wed May 24 17:36:43 2017	mv ./VarSelectAnalysisResult_20170524173222/work_20170524173222/NA12878_freebayes_nh.vcf.gz ./VarSelectAnalysisResult_20170524173222/work_20170524173222/NA12878-freebayes-chr22.vcf.gz 
Wed May 24 17:36:43 2017	bcftools reheader --sample ./VarSelectAnalysisResult_20170524173222/work_20170524173222/newheader_NA12878_gatk-haplotype.txt ./VarSelectAnalysisResult_20170524173222/work_20170524173222/NA12878-gatk-chr22.vcf.gz |bcftools view > ./VarSelectAnalysisResult_20170524173222/work_20170524173222/NA12878_gatk-haplotype_nh.vcf
Wed May 24 17:36:47 2017	mv ./VarSelectAnalysisResult_20170524173222/work_20170524173222/NA12878-gatk-chr22.vcf.gz ./VarSelectAnalysisResult_20170524173222/work_20170524173222/NA12878-gatk-chr22.vcf.gz.orig
Wed May 24 17:36:49 2017	bgzip -@ 4 -c ./VarSelectAnalysisResult_20170524173222/work_20170524173222/NA12878_gatk-haplotype_nh.vcf > ./VarSelectAnalysisResult_20170524173222/work_20170524173222/NA12878_gatk-haplotype_nh.vcf.gz
Wed May 24 17:36:51 2017	mv ./VarSelectAnalysisResult_20170524173222/work_20170524173222/NA12878_gatk-haplotype_nh.vcf.gz ./VarSelectAnalysisResult_20170524173222/work_20170524173222/NA12878-gatk-chr22.vcf.gz 
Wed May 24 17:36:51 2017	bcftools reheader --sample ./VarSelectAnalysisResult_20170524173222/work_20170524173222/newheader_NA12891_freebayes.txt ./VarSelectAnalysisResult_20170524173222/work_20170524173222/NA12891-freebayes-chr22.vcf.gz |bcftools view > ./VarSelectAnalysisResult_20170524173222/work_20170524173222/NA12891_freebayes_nh.vcf
Wed May 24 17:36:56 2017	mv ./VarSelectAnalysisResult_20170524173222/work_20170524173222/NA12891-freebayes-chr22.vcf.gz ./VarSelectAnalysisResult_20170524173222/work_20170524173222/NA12891-freebayes-chr22.vcf.gz.orig
Wed May 24 17:36:56 2017	bgzip -@ 4 -c ./VarSelectAnalysisResult_20170524173222/work_20170524173222/NA12891_freebayes_nh.vcf > ./VarSelectAnalysisResult_20170524173222/work_20170524173222/NA12891_freebayes_nh.vcf.gz
Wed May 24 17:37:00 2017	mv ./VarSelectAnalysisResult_20170524173222/work_20170524173222/NA12891_freebayes_nh.vcf.gz ./VarSelectAnalysisResult_20170524173222/work_20170524173222/NA12891-freebayes-chr22.vcf.gz 
Wed May 24 17:37:00 2017	bcftools reheader --sample ./VarSelectAnalysisResult_20170524173222/work_20170524173222/newheader_NA12891_gatk-haplotype.txt ./VarSelectAnalysisResult_20170524173222/work_20170524173222/NA12891-gatk-chr22.vcf.gz |bcftools view > ./VarSelectAnalysisResult_20170524173222/work_20170524173222/NA12891_gatk-haplotype_nh.vcf
Wed May 24 17:37:03 2017	mv ./VarSelectAnalysisResult_20170524173222/work_20170524173222/NA12891-gatk-chr22.vcf.gz ./VarSelectAnalysisResult_20170524173222/work_20170524173222/NA12891-gatk-chr22.vcf.gz.orig
Wed May 24 17:37:03 2017	bgzip -@ 4 -c ./VarSelectAnalysisResult_20170524173222/work_20170524173222/NA12891_gatk-haplotype_nh.vcf > ./VarSelectAnalysisResult_20170524173222/work_20170524173222/NA12891_gatk-haplotype_nh.vcf.gz
Wed May 24 17:37:04 2017	mv ./VarSelectAnalysisResult_20170524173222/work_20170524173222/NA12891_gatk-haplotype_nh.vcf.gz ./VarSelectAnalysisResult_20170524173222/work_20170524173222/NA12891-gatk-chr22.vcf.gz 
Wed May 24 17:37:04 2017	bcftools reheader --sample ./VarSelectAnalysisResult_20170524173222/work_20170524173222/newheader_NA12892_freebayes.txt ./VarSelectAnalysisResult_20170524173222/work_20170524173222/NA12892-freebayes-chr22.vcf.gz |bcftools view > ./VarSelectAnalysisResult_20170524173222/work_20170524173222/NA12892_freebayes_nh.vcf
Wed May 24 17:37:09 2017	mv ./VarSelectAnalysisResult_20170524173222/work_20170524173222/NA12892-freebayes-chr22.vcf.gz ./VarSelectAnalysisResult_20170524173222/work_20170524173222/NA12892-freebayes-chr22.vcf.gz.orig
Wed May 24 17:37:09 2017	bgzip -@ 4 -c ./VarSelectAnalysisResult_20170524173222/work_20170524173222/NA12892_freebayes_nh.vcf > ./VarSelectAnalysisResult_20170524173222/work_20170524173222/NA12892_freebayes_nh.vcf.gz
Wed May 24 17:37:15 2017	mv ./VarSelectAnalysisResult_20170524173222/work_20170524173222/NA12892_freebayes_nh.vcf.gz ./VarSelectAnalysisResult_20170524173222/work_20170524173222/NA12892-freebayes-chr22.vcf.gz 
Wed May 24 17:37:16 2017	bcftools reheader --sample ./VarSelectAnalysisResult_20170524173222/work_20170524173222/newheader_NA12892_gatk-haplotype.txt ./VarSelectAnalysisResult_20170524173222/work_20170524173222/NA12892-gatk-chr22.vcf.gz |bcftools view > ./VarSelectAnalysisResult_20170524173222/work_20170524173222/NA12892_gatk-haplotype_nh.vcf
Wed May 24 17:37:19 2017	mv ./VarSelectAnalysisResult_20170524173222/work_20170524173222/NA12892-gatk-chr22.vcf.gz ./VarSelectAnalysisResult_20170524173222/work_20170524173222/NA12892-gatk-chr22.vcf.gz.orig
Wed May 24 17:37:19 2017	bgzip -@ 4 -c ./VarSelectAnalysisResult_20170524173222/work_20170524173222/NA12892_gatk-haplotype_nh.vcf > ./VarSelectAnalysisResult_20170524173222/work_20170524173222/NA12892_gatk-haplotype_nh.vcf.gz
Wed May 24 17:37:24 2017	mv ./VarSelectAnalysisResult_20170524173222/work_20170524173222/NA12892_gatk-haplotype_nh.vcf.gz ./VarSelectAnalysisResult_20170524173222/work_20170524173222/NA12892-gatk-chr22.vcf.gz 
Wed May 24 17:37:24 2017	Output sex infomation of Sample to ./VarSelectAnalysisResult_20170524173222/example4_20170524173222_varselect_sample_sex_mcaller.txt
Wed May 24 17:37:24 2017	Load ped file finish
Wed May 24 17:37:24 2017	Check and concat vcf files from same sample start.
Wed May 24 17:37:24 2017	tabix -p vcf -f ./VarSelectAnalysisResult_20170524173222/work_20170524173222/NA12878-gatk-chr22.vcf.gz 
Wed May 24 17:37:25 2017	tabix -p vcf -f ./VarSelectAnalysisResult_20170524173222/work_20170524173222/NA12892-freebayes-chr22.vcf.gz 
Wed May 24 17:37:28 2017	tabix -p vcf -f ./VarSelectAnalysisResult_20170524173222/work_20170524173222/NA12878-freebayes-chr22.vcf.gz 
Wed May 24 17:37:30 2017	tabix -p vcf -f ./VarSelectAnalysisResult_20170524173222/work_20170524173222/NA12892-gatk-chr22.vcf.gz 
Wed May 24 17:37:32 2017	tabix -p vcf -f ./VarSelectAnalysisResult_20170524173222/work_20170524173222/NA12891-gatk-chr22.vcf.gz 
Wed May 24 17:37:33 2017	tabix -p vcf -f ./VarSelectAnalysisResult_20170524173222/work_20170524173222/NA12891-freebayes-chr22.vcf.gz 
Wed May 24 17:37:34 2017	Check and concat vcf files from same sample finish.
Wed May 24 17:37:34 2017	Merge vcf files from different samples start.
Wed May 24 17:37:34 2017	vcf-merge -R '0/0' ./VarSelectAnalysisResult_20170524173222/work_20170524173222/NA12878-gatk-chr22.vcf.gz ./VarSelectAnalysisResult_20170524173222/work_20170524173222/NA12892-freebayes-chr22.vcf.gz ./VarSelectAnalysisResult_20170524173222/work_20170524173222/NA12878-freebayes-chr22.vcf.gz ./VarSelectAnalysisResult_20170524173222/work_20170524173222/NA12892-gatk-chr22.vcf.gz ./VarSelectAnalysisResult_20170524173222/work_20170524173222/NA12891-gatk-chr22.vcf.gz ./VarSelectAnalysisResult_20170524173222/work_20170524173222/NA12891-freebayes-chr22.vcf.gz 2> ./VarSelectAnalysisResult_20170524173222/log_20170524173222/stderr_vcfmerge.log |bgzip -@ 4 -c > ./VarSelectAnalysisResult_20170524173222/work_20170524173222/example4_20170524173222_varselect_merged.vcf.gz
Wed May 24 17:53:09 2017	Merge vcf files from different samples finish.
Wed May 24 17:53:09 2017	Fixing ploidy of sex chromosome start
Wed May 24 17:53:09 2017	zcat ./VarSelectAnalysisResult_20170524173222/work_20170524173222/example4_20170524173222_varselect_merged.vcf.gz |vcf-fix-ploidy --samples ./VarSelectAnalysisResult_20170524173222/example4_20170524173222_varselect_sample_sex_mcaller.txt >./VarSelectAnalysisResult_20170524173222/example4_20170524173222_varselect_cleanXY.vcf 2> ./VarSelectAnalysisResult_20170524173222/log_20170524173222/stderr_fixploidy.log
Wed May 24 17:53:20 2017	bgzip -@ 4 -c ./VarSelectAnalysisResult_20170524173222/example4_20170524173222_varselect_cleanXY.vcf > ./VarSelectAnalysisResult_20170524173222/example4_20170524173222_varselect_cleanXY.vcf.gz 2>> ./VarSelectAnalysisResult_20170524173222/log_20170524173222/stderr_fixploidy.log
Wed May 24 17:53:28 2017	tabix -p vcf -f ./VarSelectAnalysisResult_20170524173222/example4_20170524173222_varselect_cleanXY.vcf.gz 
Wed May 24 17:53:33 2017	Fixing ploidy of sex chromosome finish
Wed May 24 17:53:33 2017	/peterhouse/lchen/csardas/varselect_dev/scripts/vsann2.pl -v ./VarSelectAnalysisResult_20170524173222/example4_20170524173222_varselect_cleanXY.vcf.gz -p ./VarSelectAnalysisResult_20170524173222/work_20170524173222/example4_mcaller.ped -j 20170524173222 -d ./example4_20170524173222_varselect.db -n 4 2>./VarSelectAnalysisResult_20170524173222/log_20170524173222/stderr_vsann2_20170524173222.log
Wed May 24 20:25:00 2017	VSannot finish
Wed May 24 20:25:00 2017	VarSelect annotate finish
Wed May 24 20:25:00 2017	VarSelect analysis start
Wed May 24 20:25:00 2017	/peterhouse/lchen/csardas/varselect_dev/scripts/vs_analysis.pl  -j 20170524173222  -d ./example4_20170524173222_varselect.db  -p example4.ped  -m family  -k  -u  2>&1 |tee ./VarSelectAnalysisResult_20170524173222/log_20170524173222/stderr_vs_analysis.20170524173222.log 
Wed May 24 20:25:00 2017	VSanlz start
Wed May 24 20:25:00 2017	Jobid: 20170524173222
Wed May 24 20:25:00 2017	-u 1 -p example4.ped -k 1 -m family -d ./example4_20170524173222_varselect.db -j 20170524173222
Wed May 24 20:25:03 2017	tabix -s 1 -b 2 -e 2 -c # -f ./VarSelectAnalysisResult_20170524173222/for_analysis_20170524173222.vcf.gz 
Wed May 24 20:25:06 2017	Threads running start
Wed May 24 20:25:07 2017	Multicaller processing start
Wed May 24 20:26:52 2017	enqueue /peterhouse/lchen/csardas/varselect_dev/scripts/vsl_annot.pl  -f ./VarSelectAnalysisResult_20170524173222/multicaller_unionset_20170524173222.vcf.gz  -e genotype_union_NA12878,genotype_union_NA12891,genotype_union_NA12892 -t text,text,text -c genotype_union_NA12878_20170524173222,genotype_union_NA12891_20170524173222,genotype_union_NA12892_20170524173222 -d ./example4_20170524173222_varselect.db  -b varselect_variants  2> ./VarSelectAnalysisResult_20170524173222/log_20170524173222/stderr_vslannot_uniongt_20170524173222.log
Wed May 24 20:26:52 2017	Multicaller processing finish
Wed May 24 20:26:52 2017	Genotype frequency calculating start
Wed May 24 20:26:52 2017	Loading genotype frequency of each sample, start.
Wed May 24 20:25:07 2017	thread for vsl_annot start
Wed May 24 20:26:52 2017	/peterhouse/lchen/csardas/varselect_dev/scripts/vsl_annot.pl  -f ./VarSelectAnalysisResult_20170524173222/multicaller_unionset_20170524173222.vcf.gz  -e genotype_union_NA12878,genotype_union_NA12891,genotype_union_NA12892 -t text,text,text -c genotype_union_NA12878_20170524173222,genotype_union_NA12891_20170524173222,genotype_union_NA12892_20170524173222 -d ./example4_20170524173222_varselect.db  -b varselect_variants  2> ./VarSelectAnalysisResult_20170524173222/log_20170524173222/stderr_vslannot_uniongt_20170524173222.log
Wed May 24 20:27:16 2017	Loading genotype frequency of each sample, finish.
Wed May 24 20:27:16 2017	bgzip -@ 16 -c ./VarSelectAnalysisResult_20170524173222/aff_gt_freq_20170524173222.txt > ./VarSelectAnalysisResult_20170524173222/aff_gt_freq_20170524173222.txt.gz
Wed May 24 20:27:16 2017	tabix -s 1 -b 2 -e 2 -c # -f ./VarSelectAnalysisResult_20170524173222/aff_gt_freq_20170524173222.txt.gz 
Wed May 24 20:27:16 2017	bgzip -@ 16 -c ./VarSelectAnalysisResult_20170524173222/unaff_gt_freq_20170524173222.txt > ./VarSelectAnalysisResult_20170524173222/unaff_gt_freq_20170524173222.txt.gz
Wed May 24 20:27:16 2017	tabix -s 1 -b 2 -e 2 -c # -f ./VarSelectAnalysisResult_20170524173222/unaff_gt_freq_20170524173222.txt.gz 
Wed May 24 20:27:17 2017	vcf-annot affected vgt start
Wed May 24 20:27:17 2017	zcat ./VarSelectAnalysisResult_20170524173222/multicaller_unionset_20170524173222.vcf.gz| vcf-annotate  -a ./VarSelectAnalysisResult_20170524173222/aff_gt_freq_20170524173222.txt.gz  -c CHROM,POS,REF,ALT,INFO/affected_vgt,INFO/affected_vgfreq,INFO/affected_altfreqsum -d key=INFO,ID=affected_vgt,Number=.,Type=String,Description='Variant genotype in affected samples'  -d key=INFO,ID=affected_vgfreq,Number=.,Type=String,Description='Variant genotype frequency in affected samples'  -d key=INFO,ID=affected_altfreqsum,Number=.,Type=Float,Description='Summary of affected-alt-frequency variant genotype in affected samples'  2> ./VarSelectAnalysisResult_20170524173222/log_20170524173222/stderr_vannot_gtfreq_20170524173222.log  | bgzip -c > ./VarSelectAnalysisResult_20170524173222/aff_gt_freq_20170524173222.vcf.gz 
Wed May 24 20:27:37 2017	vcf-annot affected vgt finish
Wed May 24 20:27:37 2017	enqueue /peterhouse/lchen/csardas/varselect_dev/scripts/vsl_annot.pl -a extract  -f ./VarSelectAnalysisResult_20170524173222/aff_gt_freq_20170524173222.vcf.gz  -e affected_vgt,affected_vgfreq,affected_altfreqsum -t text,text,float -c affected_vgt_20170524173222,affected_vgfreq_20170524173222,affected_altfreqsum_20170524173222 -d ./example4_20170524173222_varselect.db  -b varselect_variants 
Wed May 24 20:27:37 2017	vcf-annot un-affected vgt start
Wed May 24 20:27:37 2017	zcat ./VarSelectAnalysisResult_20170524173222/multicaller_unionset_20170524173222.vcf.gz| vcf-annotate  -a ./VarSelectAnalysisResult_20170524173222/unaff_gt_freq_20170524173222.txt.gz  -c CHROM,POS,REF,ALT,INFO/unaffected_vgt,INFO/unaffected_vgfreq,INFO/unaffected_altfreqsum -d key=INFO,ID=unaffected_vgt,Number=.,Type=String,Description='variant genotype in unaffected samples'  -d key=INFO,ID=unaffected_vgfreq,Number=.,Type=String,Description='Variant genotype frequency in unaffected samples'  -d key=INFO,ID=unaffected_altfreqsum,Number=.,Type=Float,Description='Summary of unaffected-alt-frequency variant genotype in affected samples'  2> ./VarSelectAnalysisResult_20170524173222/log_20170524173222/stderr_vannot_gtfreq_20170524173222.log  | bgzip -c > ./VarSelectAnalysisResult_20170524173222/unaff_gt_freq_20170524173222.vcf.gz 
Wed May 24 20:27:34 2017	/peterhouse/lchen/csardas/varselect_dev/scripts/vsl_annot.pl  -f ./VarSelectAnalysisResult_20170524173222/multicaller_unionset_20170524173222.vcf.gz  -e genotype_union_NA12878,genotype_union_NA12891,genotype_union_NA12892 -t text,text,text -c genotype_union_NA12878_20170524173222,genotype_union_NA12891_20170524173222,genotype_union_NA12892_20170524173222 -d ./example4_20170524173222_varselect.db  -b varselect_variants  2> ./VarSelectAnalysisResult_20170524173222/log_20170524173222/stderr_vslannot_uniongt_20170524173222.log Finish
Wed May 24 20:27:37 2017	/peterhouse/lchen/csardas/varselect_dev/scripts/vsl_annot.pl -a extract  -f ./VarSelectAnalysisResult_20170524173222/aff_gt_freq_20170524173222.vcf.gz  -e affected_vgt,affected_vgfreq,affected_altfreqsum -t text,text,float -c affected_vgt_20170524173222,affected_vgfreq_20170524173222,affected_altfreqsum_20170524173222 -d ./example4_20170524173222_varselect.db  -b varselect_variants 
Wed May 24 20:28:00 2017	vcf-annot un-affected vgt finish
Wed May 24 20:28:00 2017	enqueue /peterhouse/lchen/csardas/varselect_dev/scripts/vsl_annot.pl -a extract -f ./VarSelectAnalysisResult_20170524173222/unaff_gt_freq_20170524173222.vcf.gz -e unaffected_vgt,unaffected_vgfreq,unaffected_altfreqsum -t text,text,float -c unaffected_vgt_20170524173222,unaffected_vgfreq_20170524173222,unaffected_altfreqsum_20170524173222 -d ./example4_20170524173222_varselect.db  -b varselect_variants
Wed May 24 20:28:00 2017	Genotype frequency calculating finish
Wed May 24 20:28:00 2017	Family workflow start
Wed May 24 20:28:00 2017	zcat ./VarSelectAnalysisResult_20170524173222/multicaller_unionset_20170524173222.vcf.gz > ./VarSelectAnalysisResult_20170524173222/work_20170524173222/for_genetic_workflow_20170524173222.vcf
Wed May 24 20:28:01 2017	/peterhouse/lchen/csardas/varselect_dev/workflows/autosomal-dominant/Autosomal-dominant.py  -v ./VarSelectAnalysisResult_20170524173222/work_20170524173222/for_genetic_workflow_20170524173222.vcf  -p example4.ped  2> ./VarSelectAnalysisResult_20170524173222/log_20170524173222/stderr_runworkflow_AD_20170524173222.log  > ./VarSelectAnalysisResult_20170524173222/workflow_AD_output_20170524173222.txt.gz.tmp
Wed May 24 20:28:05 2017	/peterhouse/lchen/csardas/varselect_dev/workflows/autosomal-dominant/Compare.py  -v ./VarSelectAnalysisResult_20170524173222/work_20170524173222/for_genetic_workflow_20170524173222.vcf  -p example4.ped  -c ./VarSelectAnalysisResult_20170524173222/workflow_AD_output_20170524173222.txt.gz.tmp  | bgzip -c > ./VarSelectAnalysisResult_20170524173222/workflow_AD_output_20170524173222.txt.gz
Wed May 24 20:28:05 2017	vcf-annotate  -a ./VarSelectAnalysisResult_20170524173222/workflow_AD_output_20170524173222.txt.gz  -c CHROM,POS,REF,ALT,INFO/is_AD_20170524173222 -d key=INFO,ID=is_AD_20170524173222,Number=1,Type=Integer,Description='genetic model is_AD_20170524173222' ./VarSelectAnalysisResult_20170524173222/unaff_gt_freq_20170524173222.vcf.gz 2> ./VarSelectAnalysisResult_20170524173222/log_20170524173222/stderr_vannot_workflow_is_AD_20170524173222.log  |bgzip -c > ./VarSelectAnalysisResult_20170524173222/work_20170524173222/AutosomalDominant_20170524173222.vcf.gz 
Wed May 24 20:28:12 2017	/peterhouse/lchen/csardas/varselect_dev/workflows/autosomal-recessive/Autosomal-recessive.py  -v ./VarSelectAnalysisResult_20170524173222/work_20170524173222/for_genetic_workflow_20170524173222.vcf  -p example4.ped  2> ./VarSelectAnalysisResult_20170524173222/log_20170524173222/stderr_runworkflow_AR_20170524173222.log  > ./VarSelectAnalysisResult_20170524173222/workflow_AR_output_20170524173222.txt.gz.tmp
Wed May 24 20:28:17 2017	/peterhouse/lchen/csardas/varselect_dev/workflows/autosomal-recessive/Compare.py  -v ./VarSelectAnalysisResult_20170524173222/work_20170524173222/for_genetic_workflow_20170524173222.vcf  -p example4.ped  -c ./VarSelectAnalysisResult_20170524173222/workflow_AR_output_20170524173222.txt.gz.tmp  | bgzip -c > ./VarSelectAnalysisResult_20170524173222/workflow_AR_output_20170524173222.txt.gz
Wed May 24 20:28:18 2017	vcf-annotate  -a ./VarSelectAnalysisResult_20170524173222/workflow_AR_output_20170524173222.txt.gz  -c CHROM,POS,REF,ALT,INFO/is_AR_20170524173222 -d key=INFO,ID=is_AR_20170524173222,Number=1,Type=Integer,Description='genetic model is_AR_20170524173222' ./VarSelectAnalysisResult_20170524173222/work_20170524173222/AutosomalDominant_20170524173222.vcf.gz 2> ./VarSelectAnalysisResult_20170524173222/log_20170524173222/stderr_vannot_workflow_is_AR_20170524173222.log  |bgzip -c > ./VarSelectAnalysisResult_20170524173222/work_20170524173222/AutosomalRecessive_wAd_20170524173222.vcf.gz 
Wed May 24 20:28:26 2017	/peterhouse/lchen/csardas/varselect_dev/scripts/vsl_annot.pl -a extract  -f ./VarSelectAnalysisResult_20170524173222/aff_gt_freq_20170524173222.vcf.gz  -e affected_vgt,affected_vgfreq,affected_altfreqsum -t text,text,float -c affected_vgt_20170524173222,affected_vgfreq_20170524173222,affected_altfreqsum_20170524173222 -d ./example4_20170524173222_varselect.db  -b varselect_variants  Finish
Wed May 24 20:28:26 2017	/peterhouse/lchen/csardas/varselect_dev/scripts/vsl_annot.pl -a extract -f ./VarSelectAnalysisResult_20170524173222/unaff_gt_freq_20170524173222.vcf.gz -e unaffected_vgt,unaffected_vgfreq,unaffected_altfreqsum -t text,text,float -c unaffected_vgt_20170524173222,unaffected_vgfreq_20170524173222,unaffected_altfreqsum_20170524173222 -d ./example4_20170524173222_varselect.db  -b varselect_variants
Wed May 24 20:28:48 2017	/peterhouse/lchen/csardas/varselect_dev/workflows/compound-het/Compound-het.py  -v ./VarSelectAnalysisResult_20170524173222/work_20170524173222/for_genetic_workflow_20170524173222.vcf  -p example4.ped  -d ./example4_20170524173222_varselect.db  2> ./VarSelectAnalysisResult_20170524173222/log_20170524173222/stderr_runworkflow_CH_20170524173222.log  > ./VarSelectAnalysisResult_20170524173222/workflow_CH_output_20170524173222.txt.gz.tmp
Wed May 24 20:29:22 2017	/peterhouse/lchen/csardas/varselect_dev/workflows/compound-het/Compare.py  -v ./VarSelectAnalysisResult_20170524173222/work_20170524173222/for_genetic_workflow_20170524173222.vcf  -p example4.ped  -c ./VarSelectAnalysisResult_20170524173222/workflow_CH_output_20170524173222.txt.gz.tmp  | bgzip -c > ./VarSelectAnalysisResult_20170524173222/workflow_CH_output_20170524173222.txt.gz
Wed May 24 20:29:23 2017	vcf-annotate  -a ./VarSelectAnalysisResult_20170524173222/workflow_CH_output_20170524173222.txt.gz  -c CHROM,POS,REF,ALT,INFO/is_CH_20170524173222 -d key=INFO,ID=is_CH_20170524173222,Number=1,Type=Integer,Description='genetic model is_CH_20170524173222' ./VarSelectAnalysisResult_20170524173222/work_20170524173222/AutosomalRecessive_wAd_20170524173222.vcf.gz 2> ./VarSelectAnalysisResult_20170524173222/log_20170524173222/stderr_vannot_workflow_is_CH_20170524173222.log  |bgzip -c > ./VarSelectAnalysisResult_20170524173222/work_20170524173222/CompoundHet_wAdAr_20170524173222.vcf.gz 
Wed May 24 20:29:51 2017	/peterhouse/lchen/csardas/varselect_dev/workflows/denovo-dominant/Denovo-dominant.py  -v ./VarSelectAnalysisResult_20170524173222/work_20170524173222/for_genetic_workflow_20170524173222.vcf  -p example4.ped  2> ./VarSelectAnalysisResult_20170524173222/log_20170524173222/stderr_runworkflow_DD_20170524173222.log  > ./VarSelectAnalysisResult_20170524173222/workflow_DD_output_20170524173222.txt.gz.tmp
Wed May 24 20:29:56 2017	/peterhouse/lchen/csardas/varselect_dev/workflows/denovo-dominant/Compare.py  -v ./VarSelectAnalysisResult_20170524173222/work_20170524173222/for_genetic_workflow_20170524173222.vcf  -p example4.ped  -c ./VarSelectAnalysisResult_20170524173222/workflow_DD_output_20170524173222.txt.gz.tmp  | bgzip -c > ./VarSelectAnalysisResult_20170524173222/workflow_DD_output_20170524173222.txt.gz
Wed May 24 20:29:58 2017	vcf-annotate  -a ./VarSelectAnalysisResult_20170524173222/workflow_DD_output_20170524173222.txt.gz  -c CHROM,POS,REF,ALT,INFO/is_DD_20170524173222 -d key=INFO,ID=is_DD_20170524173222,Number=1,Type=Integer,Description='genetic model is_DD_20170524173222' ./VarSelectAnalysisResult_20170524173222/work_20170524173222/CompoundHet_wAdAr_20170524173222.vcf.gz 2> ./VarSelectAnalysisResult_20170524173222/log_20170524173222/stderr_vannot_workflow_is_DD_20170524173222.log  |bgzip -c > ./VarSelectAnalysisResult_20170524173222/work_20170524173222/DenovoDominant_wAdArCh_20170524173222.vcf.gz 
Wed May 24 20:30:25 2017	/peterhouse/lchen/csardas/varselect_dev/workflows/denovo-recessive/Denovo-recessive.py  -v ./VarSelectAnalysisResult_20170524173222/work_20170524173222/for_genetic_workflow_20170524173222.vcf  -p example4.ped  2> ./VarSelectAnalysisResult_20170524173222/log_20170524173222/stderr_runworkflow_DR_20170524173222.log  > ./VarSelectAnalysisResult_20170524173222/workflow_DR_output_20170524173222.txt.gz.tmp
Wed May 24 20:30:31 2017	/peterhouse/lchen/csardas/varselect_dev/workflows/denovo-recessive/Compare.py  -v ./VarSelectAnalysisResult_20170524173222/work_20170524173222/for_genetic_workflow_20170524173222.vcf  -p example4.ped  -c ./VarSelectAnalysisResult_20170524173222/workflow_DR_output_20170524173222.txt.gz.tmp  | bgzip -c > ./VarSelectAnalysisResult_20170524173222/workflow_DR_output_20170524173222.txt.gz
Wed May 24 20:30:33 2017	vcf-annotate  -a ./VarSelectAnalysisResult_20170524173222/workflow_DR_output_20170524173222.txt.gz  -c CHROM,POS,REF,ALT,INFO/is_DR_20170524173222 -d key=INFO,ID=is_DR_20170524173222,Number=1,Type=Integer,Description='genetic model is_DR_20170524173222' ./VarSelectAnalysisResult_20170524173222/work_20170524173222/DenovoDominant_wAdArCh_20170524173222.vcf.gz 2> ./VarSelectAnalysisResult_20170524173222/log_20170524173222/stderr_vannot_workflow_is_DR_20170524173222.log  |bgzip -c > ./VarSelectAnalysisResult_20170524173222/work_20170524173222/DenovoRecessive_wAdArChDd_20170524173222.vcf.gz 
Wed May 24 20:30:55 2017	/peterhouse/lchen/csardas/varselect_dev/workflows/second-hit/Second-hit.py  -v ./VarSelectAnalysisResult_20170524173222/work_20170524173222/for_genetic_workflow_20170524173222.vcf  -p example4.ped  2> ./VarSelectAnalysisResult_20170524173222/log_20170524173222/stderr_runworkflow_SH_20170524173222.log  > ./VarSelectAnalysisResult_20170524173222/workflow_SH_output_20170524173222.txt.gz.tmp
Wed May 24 20:30:59 2017	/peterhouse/lchen/csardas/varselect_dev/workflows/second-hit/Compare.py  -v ./VarSelectAnalysisResult_20170524173222/work_20170524173222/for_genetic_workflow_20170524173222.vcf  -p example4.ped  -c ./VarSelectAnalysisResult_20170524173222/workflow_SH_output_20170524173222.txt.gz.tmp  | bgzip -c > ./VarSelectAnalysisResult_20170524173222/workflow_SH_output_20170524173222.txt.gz
Wed May 24 20:31:00 2017	vcf-annotate  -a ./VarSelectAnalysisResult_20170524173222/workflow_SH_output_20170524173222.txt.gz  -c CHROM,POS,REF,ALT,INFO/is_SH_20170524173222 -d key=INFO,ID=is_SH_20170524173222,Number=1,Type=Integer,Description='genetic model is_SH_20170524173222' ./VarSelectAnalysisResult_20170524173222/work_20170524173222/DenovoRecessive_wAdArChDd_20170524173222.vcf.gz 2> ./VarSelectAnalysisResult_20170524173222/log_20170524173222/stderr_vannot_workflow_is_SH_20170524173222.log  |bgzip -c > ./VarSelectAnalysisResult_20170524173222/work_20170524173222/SecondHit_wAdArChDdDr_20170524173222.vcf.gz 
Wed May 24 20:31:27 2017	/peterhouse/lchen/csardas/varselect_dev/workflows/x-linked/X-linked.py  -v ./VarSelectAnalysisResult_20170524173222/work_20170524173222/for_genetic_workflow_20170524173222.vcf  -p example4.ped  2> ./VarSelectAnalysisResult_20170524173222/log_20170524173222/stderr_runworkflow_XL_20170524173222.log  > ./VarSelectAnalysisResult_20170524173222/workflow_XL_output_20170524173222.txt.gz.tmp
Wed May 24 20:31:30 2017	/peterhouse/lchen/csardas/varselect_dev/workflows/x-linked/Compare.py  -v ./VarSelectAnalysisResult_20170524173222/work_20170524173222/for_genetic_workflow_20170524173222.vcf  -p example4.ped  -c ./VarSelectAnalysisResult_20170524173222/workflow_XL_output_20170524173222.txt.gz.tmp  | bgzip -c > ./VarSelectAnalysisResult_20170524173222/workflow_XL_output_20170524173222.txt.gz
Wed May 24 20:31:32 2017	vcf-annotate  -a ./VarSelectAnalysisResult_20170524173222/workflow_XL_output_20170524173222.txt.gz  -c CHROM,POS,REF,ALT,INFO/is_XL_20170524173222 -d key=INFO,ID=is_XL_20170524173222,Number=1,Type=Integer,Description='genetic model is_XL_20170524173222' ./VarSelectAnalysisResult_20170524173222/work_20170524173222/SecondHit_wAdArChDdDr_20170524173222.vcf.gz 2> ./VarSelectAnalysisResult_20170524173222/log_20170524173222/stderr_vannot_workflow_is_XL_20170524173222.log  |bgzip -c > ./VarSelectAnalysisResult_20170524173222/work_20170524173222/XLinked_wAdArChDdDrTh_20170524173222.vcf.gz 
Wed May 24 20:32:09 2017	grep '^#' ./VarSelectAnalysisResult_20170524173222/inanalysis_20170524173222.txt.gz.tmp > ./VarSelectAnalysisResult_20170524173222/inanalysis_20170524173222.txt.gz.tmp.header ; grep -v '^#' ./VarSelectAnalysisResult_20170524173222/inanalysis_20170524173222.txt.gz.tmp | sort -V | cat ./VarSelectAnalysisResult_20170524173222/inanalysis_20170524173222.txt.gz.tmp.header - | bgzip -c > ./VarSelectAnalysisResult_20170524173222/inanalysis_20170524173222.txt.gz
Wed May 24 20:32:12 2017	zcat ./VarSelectAnalysisResult_20170524173222/work_20170524173222/XLinked_wAdArChDdDrTh_20170524173222.vcf.gz | vcf-annotate  -a ./VarSelectAnalysisResult_20170524173222/inanalysis_20170524173222.txt.gz  -c CHROM,POS,REF,ALT,INFO/in_analysis_20170524173222 -d key=INFO,ID=in_analysis_20170524173222,Number=1,Type=Integer,Description='in_analysis_20170524173222' 2> ./VarSelectAnalysisResult_20170524173222/log_20170524173222/stderr_vannot_inanalysis_20170524173222.log  |bgzip -c > ./VarSelectAnalysisResult_20170524173222/inanalysis_20170524173222.vcf.gz 
Wed May 24 20:29:34 2017	/peterhouse/lchen/csardas/varselect_dev/scripts/vsl_annot.pl -a extract -f ./VarSelectAnalysisResult_20170524173222/unaff_gt_freq_20170524173222.vcf.gz -e unaffected_vgt,unaffected_vgfreq,unaffected_altfreqsum -t text,text,float -c unaffected_vgt_20170524173222,unaffected_vgfreq_20170524173222,unaffected_altfreqsum_20170524173222 -d ./example4_20170524173222_varselect.db  -b varselect_variants Finish
Wed May 24 20:32:26 2017	/peterhouse/lchen/csardas/varselect_dev/scripts/vsl_annot.pl -a extract  -f ./VarSelectAnalysisResult_20170524173222/inanalysis_20170524173222.vcf.gz  -e is_AD_20170524173222,is_AR_20170524173222,is_CH_20170524173222,is_DD_20170524173222,is_DR_20170524173222,is_SH_20170524173222,is_XL_20170524173222,in_analysis_20170524173222 -t boolean,boolean,boolean,boolean,boolean,boolean,boolean,boolean -c is_AD_20170524173222,is_AR_20170524173222,is_CH_20170524173222,is_DD_20170524173222,is_DR_20170524173222,is_SH_20170524173222,is_XL_20170524173222,in_analysis_20170524173222 -d ./example4_20170524173222_varselect.db  -b varselect_variants
Wed May 24 20:33:25 2017	/peterhouse/lchen/csardas/varselect_dev/scripts/vsl_annot.pl -a extract  -f ./VarSelectAnalysisResult_20170524173222/inanalysis_20170524173222.vcf.gz  -e is_AD_20170524173222,is_AR_20170524173222,is_CH_20170524173222,is_DD_20170524173222,is_DR_20170524173222,is_SH_20170524173222,is_XL_20170524173222,in_analysis_20170524173222 -t boolean,boolean,boolean,boolean,boolean,boolean,boolean,boolean -c is_AD_20170524173222,is_AR_20170524173222,is_CH_20170524173222,is_DD_20170524173222,is_DR_20170524173222,is_SH_20170524173222,is_XL_20170524173222,in_analysis_20170524173222 -d ./example4_20170524173222_varselect.db  -b varselect_variants Finish
Wed May 24 20:33:25 2017	thread for vsl_annot finish
Wed May 24 20:32:26 2017	enqueue /peterhouse/lchen/csardas/varselect_dev/scripts/vsl_annot.pl -a extract  -f ./VarSelectAnalysisResult_20170524173222/inanalysis_20170524173222.vcf.gz  -e is_AD_20170524173222,is_AR_20170524173222,is_CH_20170524173222,is_DD_20170524173222,is_DR_20170524173222,is_SH_20170524173222,is_XL_20170524173222,in_analysis_20170524173222 -t boolean,boolean,boolean,boolean,boolean,boolean,boolean,boolean -c is_AD_20170524173222,is_AR_20170524173222,is_CH_20170524173222,is_DD_20170524173222,is_DR_20170524173222,is_SH_20170524173222,is_XL_20170524173222,in_analysis_20170524173222 -d ./example4_20170524173222_varselect.db  -b varselect_variants
Wed May 24 20:32:26 2017	Thread finish
Wed May 24 20:33:25 2017	/peterhouse/lchen/csardas/varselect_dev/scripts/create_view_for_varselect.pl -j 20170524173222 -d ./example4_20170524173222_varselect.db
Wed May 24 20:33:26 2017	VSanlz finish
Wed May 24 20:33:26 2017	VarSelect analysis finish
